<?xml version="1.0" encoding="UTF-8"?>
<!-- Generated by org.testng.reporters.JUnitXMLReporter -->
<testsuite hostname="Subhajit" ignored="0" name="Default test" tests="5" failures="0" timestamp="04 Aug 2020 12:45:03 GMT" time="41.764" errors="0">
  <testcase name="PageValidation" time="0.023" classname="com.ixigo.TestCase"/>
  <testcase name="EnteredData" time="10.822" classname="com.ixigo.TestCase"/>
  <testcase name="SearchValidation" time="19.35" classname="com.ixigo.TestCase"/>
  <testcase name="InputDataValidation" time="0.086" classname="com.ixigo.TestCase"/>
  <testcase name="getFlightDetails" time="1.513" classname="com.ixigo.TestCase"/>
</testsuite> <!-- Default test -->
