<?xml version="1.0" encoding="UTF-8"?>
<testng-results skipped="0" failed="0" ignored="0" total="5" passed="5">
  <reporter-output>
  </reporter-output>
  <suite name="Test_Case" duration-ms="68799" started-at="2020-08-04T12:47:18Z" finished-at="2020-08-04T12:48:27Z">
    <groups>
    </groups>
    <test name="Dummy" duration-ms="68799" started-at="2020-08-04T12:47:18Z" finished-at="2020-08-04T12:48:27Z">
      <class name="com.ixigo.TestCase">
        <test-method status="PASS" signature="setup()[pri:0, instance:com.ixigo.TestCase@6a4f787b]" name="setup" is-config="true" duration-ms="10876" started-at="2020-08-04T12:47:18Z" finished-at="2020-08-04T12:47:29Z">
          <reporter-output>
          </reporter-output>
        </test-method> <!-- setup -->
        <test-method status="PASS" signature="PageValidation()[pri:0, instance:com.ixigo.TestCase@6a4f787b]" name="PageValidation" duration-ms="22" started-at="2020-08-04T12:47:29Z" finished-at="2020-08-04T12:47:29Z">
          <reporter-output>
          </reporter-output>
        </test-method> <!-- PageValidation -->
        <test-method status="PASS" signature="EnteredData()[pri:1, instance:com.ixigo.TestCase@6a4f787b]" name="EnteredData" duration-ms="10771" started-at="2020-08-04T12:47:29Z" finished-at="2020-08-04T12:47:40Z">
          <reporter-output>
          </reporter-output>
        </test-method> <!-- EnteredData -->
        <test-method status="PASS" signature="SearchValidation()[pri:2, instance:com.ixigo.TestCase@6a4f787b]" name="SearchValidation" duration-ms="41275" started-at="2020-08-04T12:47:40Z" finished-at="2020-08-04T12:48:21Z">
          <reporter-output>
          </reporter-output>
        </test-method> <!-- SearchValidation -->
        <test-method status="PASS" signature="InputDataValidation()[pri:3, instance:com.ixigo.TestCase@6a4f787b]" name="InputDataValidation" duration-ms="71" started-at="2020-08-04T12:48:21Z" finished-at="2020-08-04T12:48:21Z">
          <reporter-output>
          </reporter-output>
        </test-method> <!-- InputDataValidation -->
        <test-method status="PASS" signature="getFlightDetails()[pri:4, instance:com.ixigo.TestCase@6a4f787b]" name="getFlightDetails" duration-ms="1417" started-at="2020-08-04T12:48:21Z" finished-at="2020-08-04T12:48:22Z">
          <reporter-output>
          </reporter-output>
        </test-method> <!-- getFlightDetails -->
        <test-method status="PASS" signature="closeBrowser()[pri:0, instance:com.ixigo.TestCase@6a4f787b]" name="closeBrowser" is-config="true" duration-ms="4342" started-at="2020-08-04T12:48:22Z" finished-at="2020-08-04T12:48:27Z">
          <reporter-output>
          </reporter-output>
        </test-method> <!-- closeBrowser -->
      </class> <!-- com.ixigo.TestCase -->
    </test> <!-- Dummy -->
  </suite> <!-- Test_Case -->
</testng-results>
