<?xml version="1.0" encoding="UTF-8"?>
<!-- Generated by org.testng.reporters.JUnitXMLReporter -->
<testsuite hostname="Subhajit" ignored="0" name="Dummy" tests="5" failures="0" timestamp="04 Aug 2020 12:48:27 GMT" time="68.799" errors="0">
  <testcase name="PageValidation" time="0.022" classname="com.ixigo.TestCase"/>
  <testcase name="EnteredData" time="10.771" classname="com.ixigo.TestCase"/>
  <testcase name="SearchValidation" time="41.275" classname="com.ixigo.TestCase"/>
  <testcase name="InputDataValidation" time="0.071" classname="com.ixigo.TestCase"/>
  <testcase name="getFlightDetails" time="1.417" classname="com.ixigo.TestCase"/>
</testsuite> <!-- Dummy -->
