<?xml version="1.0" encoding="UTF-8"?>
<!-- Generated by org.testng.reporters.JUnitXMLReporter -->
<testsuite hostname="Subhajit" ignored="0" name="Dummy" tests="2" failures="1" timestamp="06 Apr 2021 18:15:53 GMT" time="13.339" errors="0">
  <testcase name="PageValidation" time="0.254" classname="com.ixigo.TestCase">
    <failure type="java.lang.AssertionError" message="expected [ixigo - Flights, Train Reservation, Hotels, Air Tickets, Bus Booking] but found [ixigo - Flights, IRCTC Train Booking, Bus Booking, Air Tickets &amp;amp; Hotels]">
      <![CDATA[java.lang.AssertionError: expected [ixigo - Flights, Train Reservation, Hotels, Air Tickets, Bus Booking] but found [ixigo - Flights, IRCTC Train Booking, Bus Booking, Air Tickets & Hotels]
at com.ixigo.TestCase.PageValidation(TestCase.java:21)
... Removed 35 stack frames]]>
    </failure>
  </testcase> <!-- PageValidation -->
  <testcase name="EnteredData" time="7.254" classname="com.ixigo.TestCase"/>
</testsuite> <!-- Dummy -->
